[2020-04-13 22:24:47,454] multiqc                                            [DEBUG  ]  No MultiQC config found: /master/fcheval/local/pckg/python/miniconda3/envs/PZQ-R/lib/python3.6/site-packages/multiqc_config.yaml
[2020-04-13 22:24:47,455] multiqc                                            [DEBUG  ]  No MultiQC config found: /master/fcheval/.multiqc_config.yaml
[2020-04-13 22:24:47,455] multiqc                                            [DEBUG  ]  No MultiQC config found: multiqc_config.yaml
[2020-04-13 22:24:47,455] multiqc                                            [DEBUG  ]  Command used: /master/fcheval/local/pckg/python/miniconda3/envs/PZQ-R/bin/multiqc -ip -o report/ data/libraries
[2020-04-13 22:24:49,736] multiqc                                            [DEBUG  ]  Latest MultiQC version is v1.8
[2020-04-13 22:24:49,736] multiqc                                            [INFO   ]  This is MultiQC v1.8
[2020-04-13 22:24:49,736] multiqc                                            [DEBUG  ]  Command     : /master/fcheval/local/pckg/python/miniconda3/envs/PZQ-R/bin/multiqc -ip -o report/ data/libraries
[2020-04-13 22:24:49,736] multiqc                                            [DEBUG  ]  Working dir : /data/infectious/schistosome/06 - PZQ resistance/2020-04-19 PZQ-ES-ER juveniles RNA-seq/1-Analysis
[2020-04-13 22:24:49,736] multiqc                                            [INFO   ]  Template    : default
[2020-04-13 22:24:49,737] multiqc                                            [DEBUG  ]  Running Python 3.6.10 |Anaconda, Inc.| (default, Mar 25 2020, 23:51:54)  [GCC 7.3.0]
[2020-04-13 22:24:49,737] multiqc                                            [INFO   ]  Searching   : /data/infectious/schistosome/06 - PZQ resistance/2020-04-19 PZQ-ES-ER juveniles RNA-seq/1-Analysis/data/libraries
[2020-04-13 22:24:49,738] multiqc                                            [DEBUG  ]  Analysing modules: custom_content, conpair, peddy, methylQA, phantompeakqualtools, qualimap, preseq, quast, qorts, rna_seqc, rsem, rseqc, busco, goleft_indexcov, disambiguate, supernova, deeptools, sargasso, verifybamid, mirtrace, happy, homer, macs2, theta2, snpeff, gatk, htseq, bcftools, featureCounts, fgbio, dedup, damageprofiler, biobambam2, mtnucratio, picard, prokka, samblaster, samtools, sexdeterrmine, bamtools, jellyfish, vcftools, longranger, stacks, bbmap, bismark, biscuit, hicexplorer, hicup, hicpro, salmon, kallisto, slamdunk, star, hisat2, tophat, bowtie2, bowtie1, kat, leehom, adapterRemoval, clipandmerge, cutadapt, flexbar, trimmomatic, skewer, sortmerna, biobloomtools, fastq_screen, afterqc, fastp, fastqc, minionqc, mosdepth, clusterflow, bcl2fastq, interop, flash, seqyclean
[2020-04-13 22:24:49,738] multiqc                                            [DEBUG  ]  Using temporary directory for creating report: /tmp/tmp471wj6u3
[2020-04-13 22:24:50,164] multiqc                                            [DEBUG  ]  Ignoring file as matched an ignore pattern: SmLE-PZQ-ES-RNA-juv-m.3_R2_fastqc.html
[2020-04-13 22:24:50,164] multiqc                                            [DEBUG  ]  Ignoring file as matched an ignore pattern: SmLE-PZQ-ES-RNA-juv-m.3_R1_fastqc.html
[2020-04-13 22:24:50,165] multiqc                                            [DEBUG  ]  Ignoring file as matched an ignore pattern: SmLE-PZQ-ES-RNA-juv-m.3_R1.fastq.gz
[2020-04-13 22:24:50,165] multiqc                                            [DEBUG  ]  Ignoring file as matched an ignore pattern: SmLE-PZQ-ES-RNA-juv-m.3_R2.fastq.gz
[2020-04-13 22:24:50,166] multiqc                                            [DEBUG  ]  Ignoring file as matched an ignore pattern: SmLE-PZQ-ES-RNA-juv-f.2_R1.fastq.gz
[2020-04-13 22:24:50,167] multiqc                                            [DEBUG  ]  Ignoring file as matched an ignore pattern: SmLE-PZQ-ES-RNA-juv-f.2_R2_fastqc.html
[2020-04-13 22:24:50,167] multiqc                                            [DEBUG  ]  Ignoring file as matched an ignore pattern: SmLE-PZQ-ES-RNA-juv-f.2_R2.fastq.gz
[2020-04-13 22:24:50,168] multiqc                                            [DEBUG  ]  Ignoring file as matched an ignore pattern: SmLE-PZQ-ES-RNA-juv-f.2_R1_fastqc.html
[2020-04-13 22:24:50,168] multiqc                                            [DEBUG  ]  Ignoring file as matched an ignore pattern: SmLE-PZQ-ER-RNA-adu-f.3_R1_fastqc.html
[2020-04-13 22:24:50,168] multiqc                                            [DEBUG  ]  Ignoring file as matched an ignore pattern: SmLE-PZQ-ER-RNA-adu-f.3_R1.fastq.gz
[2020-04-13 22:24:50,168] multiqc                                            [DEBUG  ]  Ignoring file as matched an ignore pattern: SmLE-PZQ-ER-RNA-adu-f.3_R2_fastqc.html
[2020-04-13 22:24:50,169] multiqc                                            [DEBUG  ]  Ignoring file as matched an ignore pattern: SmLE-PZQ-ER-RNA-adu-f.3_R2.fastq.gz
[2020-04-13 22:24:50,170] multiqc                                            [DEBUG  ]  Ignoring file as matched an ignore pattern: SmLE-PZQ-ER-RNA-juv-m.3_R2.fastq.gz
[2020-04-13 22:24:50,170] multiqc                                            [DEBUG  ]  Ignoring file as matched an ignore pattern: SmLE-PZQ-ER-RNA-juv-m.3_R1_fastqc.html
[2020-04-13 22:24:50,172] multiqc                                            [DEBUG  ]  Ignoring file as matched an ignore pattern: SmLE-PZQ-ER-RNA-juv-m.3_R2_fastqc.html
[2020-04-13 22:24:50,172] multiqc                                            [DEBUG  ]  Ignoring file as matched an ignore pattern: SmLE-PZQ-ER-RNA-juv-m.3_R1.fastq.gz
[2020-04-13 22:24:50,172] multiqc                                            [DEBUG  ]  Ignoring file as matched an ignore pattern: SmLE-PZQ-ER-RNA-adu-f.1_R1_fastqc.html
[2020-04-13 22:24:50,172] multiqc                                            [DEBUG  ]  Ignoring file as matched an ignore pattern: SmLE-PZQ-ER-RNA-adu-f.1_R2_fastqc.html
[2020-04-13 22:24:50,173] multiqc                                            [DEBUG  ]  Ignoring file as matched an ignore pattern: SmLE-PZQ-ER-RNA-adu-f.1_R1.fastq.gz
[2020-04-13 22:24:50,174] multiqc                                            [DEBUG  ]  Ignoring file as matched an ignore pattern: SmLE-PZQ-ER-RNA-adu-f.1_R2.fastq.gz
[2020-04-13 22:24:50,175] multiqc                                            [DEBUG  ]  Ignoring file as matched an ignore pattern: SmLE-PZQ-ER-RNA-juv-f.3_R1_fastqc.html
[2020-04-13 22:24:50,176] multiqc                                            [DEBUG  ]  Ignoring file as matched an ignore pattern: SmLE-PZQ-ER-RNA-juv-f.3_R2_fastqc.html
[2020-04-13 22:24:50,176] multiqc                                            [DEBUG  ]  Ignoring file as matched an ignore pattern: SmLE-PZQ-ER-RNA-juv-f.3_R1.fastq.gz
[2020-04-13 22:24:50,176] multiqc                                            [DEBUG  ]  Ignoring file as matched an ignore pattern: SmLE-PZQ-ER-RNA-juv-f.3_R2.fastq.gz
[2020-04-13 22:24:50,178] multiqc                                            [DEBUG  ]  Ignoring file as matched an ignore pattern: SmLE-PZQ-ES-RNA-juv-f.3_R2_fastqc.html
[2020-04-13 22:24:50,178] multiqc                                            [DEBUG  ]  Ignoring file as matched an ignore pattern: SmLE-PZQ-ES-RNA-juv-f.3_R2.fastq.gz
[2020-04-13 22:24:50,178] multiqc                                            [DEBUG  ]  Ignoring file as matched an ignore pattern: SmLE-PZQ-ES-RNA-juv-f.3_R1_fastqc.html
[2020-04-13 22:24:50,178] multiqc                                            [DEBUG  ]  Ignoring file as matched an ignore pattern: SmLE-PZQ-ES-RNA-juv-f.3_R1.fastq.gz
[2020-04-13 22:24:50,179] multiqc                                            [DEBUG  ]  Ignoring file as matched an ignore pattern: SmLE-PZQ-ER-RNA-juv-f.1_R2.fastq.gz
[2020-04-13 22:24:50,179] multiqc                                            [DEBUG  ]  Ignoring file as matched an ignore pattern: SmLE-PZQ-ER-RNA-juv-f.1_R1.fastq.gz
[2020-04-13 22:24:50,179] multiqc                                            [DEBUG  ]  Ignoring file as matched an ignore pattern: SmLE-PZQ-ER-RNA-juv-f.1_R2_fastqc.html
[2020-04-13 22:24:50,180] multiqc                                            [DEBUG  ]  Ignoring file as matched an ignore pattern: SmLE-PZQ-ER-RNA-juv-f.1_R1_fastqc.html
[2020-04-13 22:24:50,182] multiqc                                            [DEBUG  ]  Ignoring file as matched an ignore pattern: SmLE-PZQ-ER-RNA-adu-m.2_R2.fastq.gz
[2020-04-13 22:24:50,182] multiqc                                            [DEBUG  ]  Ignoring file as matched an ignore pattern: SmLE-PZQ-ER-RNA-adu-m.2_R1.fastq.gz
[2020-04-13 22:24:50,182] multiqc                                            [DEBUG  ]  Ignoring file as matched an ignore pattern: SmLE-PZQ-ER-RNA-adu-m.2_R2_fastqc.html
[2020-04-13 22:24:50,182] multiqc                                            [DEBUG  ]  Ignoring file as matched an ignore pattern: SmLE-PZQ-ER-RNA-adu-m.2_R1_fastqc.html
[2020-04-13 22:24:50,183] multiqc                                            [DEBUG  ]  Ignoring file as matched an ignore pattern: SmLE-PZQ-ER-RNA-juv-f.2_R2_fastqc.html
[2020-04-13 22:24:50,183] multiqc                                            [DEBUG  ]  Ignoring file as matched an ignore pattern: SmLE-PZQ-ER-RNA-juv-f.2_R1.fastq.gz
[2020-04-13 22:24:50,184] multiqc                                            [DEBUG  ]  Ignoring file as matched an ignore pattern: SmLE-PZQ-ER-RNA-juv-f.2_R2.fastq.gz
[2020-04-13 22:24:50,184] multiqc                                            [DEBUG  ]  Ignoring file as matched an ignore pattern: SmLE-PZQ-ER-RNA-juv-f.2_R1_fastqc.html
[2020-04-13 22:24:50,185] multiqc                                            [DEBUG  ]  Ignoring file as matched an ignore pattern: SmLE-PZQ-ES-RNA-adu-f.3_R2_fastqc.html
[2020-04-13 22:24:50,185] multiqc                                            [DEBUG  ]  Ignoring file as matched an ignore pattern: SmLE-PZQ-ES-RNA-adu-f.3_R1.fastq.gz
[2020-04-13 22:24:50,185] multiqc                                            [DEBUG  ]  Ignoring file as matched an ignore pattern: SmLE-PZQ-ES-RNA-adu-f.3_R2.fastq.gz
[2020-04-13 22:24:50,186] multiqc                                            [DEBUG  ]  Ignoring file as matched an ignore pattern: SmLE-PZQ-ES-RNA-adu-f.3_R1_fastqc.html
[2020-04-13 22:24:50,187] multiqc                                            [DEBUG  ]  Ignoring file as matched an ignore pattern: SmLE-PZQ-ES-RNA-adu-f.2_R1_fastqc.html
[2020-04-13 22:24:50,187] multiqc                                            [DEBUG  ]  Ignoring file as matched an ignore pattern: SmLE-PZQ-ES-RNA-adu-f.2_R2_fastqc.html
[2020-04-13 22:24:50,187] multiqc                                            [DEBUG  ]  Ignoring file as matched an ignore pattern: SmLE-PZQ-ES-RNA-adu-f.2_R2.fastq.gz
[2020-04-13 22:24:50,188] multiqc                                            [DEBUG  ]  Ignoring file as matched an ignore pattern: SmLE-PZQ-ES-RNA-adu-f.2_R1.fastq.gz
[2020-04-13 22:24:50,189] multiqc                                            [DEBUG  ]  Ignoring file as matched an ignore pattern: SmLE-PZQ-ES-RNA-adu-f.1_R2.fastq.gz
[2020-04-13 22:24:50,189] multiqc                                            [DEBUG  ]  Ignoring file as matched an ignore pattern: SmLE-PZQ-ES-RNA-adu-f.1_R2_fastqc.html
[2020-04-13 22:24:50,189] multiqc                                            [DEBUG  ]  Ignoring file as matched an ignore pattern: SmLE-PZQ-ES-RNA-adu-f.1_R1.fastq.gz
[2020-04-13 22:24:50,190] multiqc                                            [DEBUG  ]  Ignoring file as matched an ignore pattern: SmLE-PZQ-ES-RNA-adu-f.1_R1_fastqc.html
[2020-04-13 22:24:50,191] multiqc                                            [DEBUG  ]  Ignoring file as matched an ignore pattern: SmLE-PZQ-ER-RNA-adu-f.2_R1.fastq.gz
[2020-04-13 22:24:50,191] multiqc                                            [DEBUG  ]  Ignoring file as matched an ignore pattern: SmLE-PZQ-ER-RNA-adu-f.2_R2_fastqc.html
[2020-04-13 22:24:50,192] multiqc                                            [DEBUG  ]  Ignoring file as matched an ignore pattern: SmLE-PZQ-ER-RNA-adu-f.2_R2.fastq.gz
[2020-04-13 22:24:50,192] multiqc                                            [DEBUG  ]  Ignoring file as matched an ignore pattern: SmLE-PZQ-ER-RNA-adu-f.2_R1_fastqc.html
[2020-04-13 22:24:50,193] multiqc                                            [DEBUG  ]  Ignoring file as matched an ignore pattern: SmLE-PZQ-ES-RNA-juv-f.1_R2.fastq.gz
[2020-04-13 22:24:50,193] multiqc                                            [DEBUG  ]  Ignoring file as matched an ignore pattern: SmLE-PZQ-ES-RNA-juv-f.1_R1_fastqc.html
[2020-04-13 22:24:50,194] multiqc                                            [DEBUG  ]  Ignoring file as matched an ignore pattern: SmLE-PZQ-ES-RNA-juv-f.1_R2_fastqc.html
[2020-04-13 22:24:50,194] multiqc                                            [DEBUG  ]  Ignoring file as matched an ignore pattern: SmLE-PZQ-ES-RNA-juv-f.1_R1.fastq.gz
[2020-04-13 22:24:50,195] multiqc                                            [DEBUG  ]  Ignoring file as matched an ignore pattern: SmLE-PZQ-ES-RNA-adu-m.3_R2_fastqc.html
[2020-04-13 22:24:50,195] multiqc                                            [DEBUG  ]  Ignoring file as matched an ignore pattern: SmLE-PZQ-ES-RNA-adu-m.3_R1.fastq.gz
[2020-04-13 22:24:50,196] multiqc                                            [DEBUG  ]  Ignoring file as matched an ignore pattern: SmLE-PZQ-ES-RNA-adu-m.3_R2.fastq.gz
[2020-04-13 22:24:50,196] multiqc                                            [DEBUG  ]  Ignoring file as matched an ignore pattern: SmLE-PZQ-ES-RNA-adu-m.3_R1_fastqc.html
[2020-04-13 22:24:50,197] multiqc                                            [DEBUG  ]  Ignoring file as matched an ignore pattern: SmLE-PZQ-ER-RNA-adu-m.3_R1_fastqc.html
[2020-04-13 22:24:50,197] multiqc                                            [DEBUG  ]  Ignoring file as matched an ignore pattern: SmLE-PZQ-ER-RNA-adu-m.3_R1.fastq.gz
[2020-04-13 22:24:50,198] multiqc                                            [DEBUG  ]  Ignoring file as matched an ignore pattern: SmLE-PZQ-ER-RNA-adu-m.3_R2_fastqc.html
[2020-04-13 22:24:50,198] multiqc                                            [DEBUG  ]  Ignoring file as matched an ignore pattern: SmLE-PZQ-ER-RNA-adu-m.3_R2.fastq.gz
[2020-04-13 22:24:50,199] multiqc                                            [DEBUG  ]  Ignoring file as matched an ignore pattern: SmLE-PZQ-ES-RNA-adu-m.1_R2_fastqc.html
[2020-04-13 22:24:50,200] multiqc                                            [DEBUG  ]  Ignoring file as matched an ignore pattern: SmLE-PZQ-ES-RNA-adu-m.1_R2.fastq.gz
[2020-04-13 22:24:50,200] multiqc                                            [DEBUG  ]  Ignoring file as matched an ignore pattern: SmLE-PZQ-ES-RNA-adu-m.1_R1_fastqc.html
[2020-04-13 22:24:50,200] multiqc                                            [DEBUG  ]  Ignoring file as matched an ignore pattern: SmLE-PZQ-ES-RNA-adu-m.1_R1.fastq.gz
[2020-04-13 22:24:50,200] multiqc                                            [DEBUG  ]  Ignoring file as matched an ignore pattern: SmLE-PZQ-ES-RNA-juv-m.2_R2.fastq.gz
[2020-04-13 22:24:50,201] multiqc                                            [DEBUG  ]  Ignoring file as matched an ignore pattern: SmLE-PZQ-ES-RNA-juv-m.2_R1_fastqc.html
[2020-04-13 22:24:50,201] multiqc                                            [DEBUG  ]  Ignoring file as matched an ignore pattern: SmLE-PZQ-ES-RNA-juv-m.2_R1.fastq.gz
[2020-04-13 22:24:50,202] multiqc                                            [DEBUG  ]  Ignoring file as matched an ignore pattern: SmLE-PZQ-ES-RNA-juv-m.2_R2_fastqc.html
[2020-04-13 22:24:50,203] multiqc                                            [DEBUG  ]  Ignoring file as matched an ignore pattern: SmLE-PZQ-ER-RNA-adu-m.1_R2_fastqc.html
[2020-04-13 22:24:50,203] multiqc                                            [DEBUG  ]  Ignoring file as matched an ignore pattern: SmLE-PZQ-ER-RNA-adu-m.1_R2.fastq.gz
[2020-04-13 22:24:50,204] multiqc                                            [DEBUG  ]  Ignoring file as matched an ignore pattern: SmLE-PZQ-ER-RNA-adu-m.1_R1_fastqc.html
[2020-04-13 22:24:50,204] multiqc                                            [DEBUG  ]  Ignoring file as matched an ignore pattern: SmLE-PZQ-ER-RNA-adu-m.1_R1.fastq.gz
[2020-04-13 22:24:50,205] multiqc                                            [DEBUG  ]  Ignoring file as matched an ignore pattern: SmLE-PZQ-ER-RNA-juv-m.1_R1_fastqc.html
[2020-04-13 22:24:50,206] multiqc                                            [DEBUG  ]  Ignoring file as matched an ignore pattern: SmLE-PZQ-ER-RNA-juv-m.1_R2.fastq.gz
[2020-04-13 22:24:50,209] multiqc                                            [DEBUG  ]  Ignoring file as matched an ignore pattern: SmLE-PZQ-ER-RNA-juv-m.1_R2_fastqc.html
[2020-04-13 22:24:50,209] multiqc                                            [DEBUG  ]  Ignoring file as matched an ignore pattern: SmLE-PZQ-ER-RNA-juv-m.1_R1.fastq.gz
[2020-04-13 22:24:50,210] multiqc                                            [DEBUG  ]  Ignoring file as matched an ignore pattern: SmLE-PZQ-ES-RNA-juv-m.1_R1.fastq.gz
[2020-04-13 22:24:50,210] multiqc                                            [DEBUG  ]  Ignoring file as matched an ignore pattern: SmLE-PZQ-ES-RNA-juv-m.1_R2.fastq.gz
[2020-04-13 22:24:50,212] multiqc                                            [DEBUG  ]  Ignoring file as matched an ignore pattern: SmLE-PZQ-ES-RNA-juv-m.1_R2_fastqc.html
[2020-04-13 22:24:50,213] multiqc                                            [DEBUG  ]  Ignoring file as matched an ignore pattern: SmLE-PZQ-ES-RNA-juv-m.1_R1_fastqc.html
[2020-04-13 22:24:50,215] multiqc                                            [DEBUG  ]  Ignoring file as matched an ignore pattern: SmLE-PZQ-ER-RNA-juv-m.2_R1_fastqc.html
[2020-04-13 22:24:50,218] multiqc                                            [DEBUG  ]  Ignoring file as matched an ignore pattern: SmLE-PZQ-ER-RNA-juv-m.2_R2_fastqc.html
[2020-04-13 22:24:50,218] multiqc                                            [DEBUG  ]  Ignoring file as matched an ignore pattern: SmLE-PZQ-ER-RNA-juv-m.2_R1.fastq.gz
[2020-04-13 22:24:50,219] multiqc                                            [DEBUG  ]  Ignoring file as matched an ignore pattern: SmLE-PZQ-ER-RNA-juv-m.2_R2.fastq.gz
[2020-04-13 22:24:50,220] multiqc                                            [DEBUG  ]  Ignoring file as matched an ignore pattern: SmLE-PZQ-ES-RNA-adu-m.2_R1_fastqc.html
[2020-04-13 22:24:50,221] multiqc                                            [DEBUG  ]  Ignoring file as matched an ignore pattern: SmLE-PZQ-ES-RNA-adu-m.2_R1.fastq.gz
[2020-04-13 22:24:50,221] multiqc                                            [DEBUG  ]  Ignoring file as matched an ignore pattern: SmLE-PZQ-ES-RNA-adu-m.2_R2_fastqc.html
[2020-04-13 22:24:50,222] multiqc                                            [DEBUG  ]  Ignoring file as matched an ignore pattern: SmLE-PZQ-ES-RNA-adu-m.2_R2.fastq.gz
[2020-04-13 22:24:51,209] multiqc.plots.bargraph                             [DEBUG  ]  Using matplotlib version 3.1.1
[2020-04-13 22:24:51,213] multiqc.plots.linegraph                            [DEBUG  ]  Using matplotlib version 3.1.1
[2020-04-13 22:24:51,237] multiqc                                            [DEBUG  ]  No samples found: custom_content
[2020-04-13 22:24:51,253] multiqc                                            [DEBUG  ]  No samples found: conpair
[2020-04-13 22:24:51,269] multiqc                                            [DEBUG  ]  No samples found: peddy
[2020-04-13 22:24:51,283] multiqc                                            [DEBUG  ]  No samples found: methylQA
[2020-04-13 22:24:51,298] multiqc                                            [DEBUG  ]  No samples found: phantompeakqualtools
[2020-04-13 22:24:51,318] multiqc                                            [DEBUG  ]  No samples found: qualimap
[2020-04-13 22:24:51,333] multiqc                                            [DEBUG  ]  No samples found: preseq
[2020-04-13 22:24:51,348] multiqc                                            [DEBUG  ]  No samples found: quast
[2020-04-13 22:24:51,364] multiqc                                            [DEBUG  ]  No samples found: qorts
[2020-04-13 22:24:51,380] multiqc                                            [DEBUG  ]  No samples found: rna_seqc
[2020-04-13 22:24:51,396] multiqc                                            [DEBUG  ]  No samples found: rsem
[2020-04-13 22:24:51,433] multiqc                                            [DEBUG  ]  No samples found: rseqc
[2020-04-13 22:24:51,447] multiqc                                            [DEBUG  ]  No samples found: busco
[2020-04-13 22:24:51,463] multiqc                                            [DEBUG  ]  No samples found: goleft_indexcov
[2020-04-13 22:24:51,478] multiqc                                            [DEBUG  ]  No samples found: disambiguate
[2020-04-13 22:24:51,494] multiqc                                            [DEBUG  ]  No samples found: supernova
[2020-04-13 22:24:51,531] multiqc                                            [DEBUG  ]  No samples found: deeptools
[2020-04-13 22:24:51,547] multiqc                                            [DEBUG  ]  No samples found: sargasso
[2020-04-13 22:24:51,563] multiqc                                            [DEBUG  ]  No samples found: verifybamid
[2020-04-13 22:24:51,579] multiqc                                            [DEBUG  ]  No samples found: mirtrace
[2020-04-13 22:24:51,595] multiqc                                            [DEBUG  ]  No samples found: happy
[2020-04-13 22:24:51,616] multiqc                                            [DEBUG  ]  No samples found: homer
[2020-04-13 22:24:51,631] multiqc                                            [DEBUG  ]  No samples found: macs2
[2020-04-13 22:24:51,647] multiqc                                            [DEBUG  ]  No samples found: theta2
[2020-04-13 22:24:51,664] multiqc                                            [DEBUG  ]  No samples found: snpeff
[2020-04-13 22:24:51,688] multiqc                                            [DEBUG  ]  No samples found: gatk
[2020-04-13 22:24:51,704] multiqc                                            [DEBUG  ]  No samples found: htseq
[2020-04-13 22:24:51,726] multiqc                                            [DEBUG  ]  No samples found: bcftools
[2020-04-13 22:24:51,743] multiqc                                            [DEBUG  ]  No samples found: featureCounts
[2020-04-13 22:24:51,762] multiqc                                            [DEBUG  ]  No samples found: fgbio
[2020-04-13 22:24:51,779] multiqc                                            [DEBUG  ]  No samples found: dedup
[2020-04-13 22:24:51,796] multiqc                                            [DEBUG  ]  No samples found: damageprofiler
[2020-04-13 22:24:51,854] multiqc                                            [DEBUG  ]  No samples found: biobambam2
[2020-04-13 22:24:51,873] multiqc                                            [DEBUG  ]  No samples found: mtnucratio
[2020-04-13 22:24:51,883] multiqc                                            [DEBUG  ]  No samples found: picard
[2020-04-13 22:24:51,901] multiqc                                            [DEBUG  ]  No samples found: prokka
[2020-04-13 22:24:51,919] multiqc                                            [DEBUG  ]  No samples found: samblaster
[2020-04-13 22:24:51,945] multiqc                                            [DEBUG  ]  No samples found: samtools
[2020-04-13 22:24:51,962] multiqc                                            [DEBUG  ]  No samples found: sexdeterrmine
[2020-04-13 22:24:51,981] multiqc                                            [DEBUG  ]  No samples found: bamtools
[2020-04-13 22:24:51,998] multiqc                                            [DEBUG  ]  No samples found: jellyfish
[2020-04-13 22:24:52,024] multiqc                                            [DEBUG  ]  No samples found: vcftools
[2020-04-13 22:24:52,041] multiqc                                            [DEBUG  ]  No samples found: longranger
[2020-04-13 22:24:52,059] multiqc                                            [DEBUG  ]  No samples found: stacks
[2020-04-13 22:24:52,104] multiqc                                            [DEBUG  ]  No samples found: bbmap
[2020-04-13 22:24:52,122] multiqc                                            [DEBUG  ]  No samples found: bismark
[2020-04-13 22:24:52,140] multiqc                                            [DEBUG  ]  No samples found: biscuit
[2020-04-13 22:24:52,157] multiqc                                            [DEBUG  ]  No samples found: hicexplorer
[2020-04-13 22:24:52,173] multiqc                                            [DEBUG  ]  No samples found: hicup
[2020-04-13 22:24:52,190] multiqc                                            [DEBUG  ]  No samples found: hicpro
[2020-04-13 22:24:52,208] multiqc                                            [DEBUG  ]  No samples found: salmon
[2020-04-13 22:24:52,225] multiqc                                            [DEBUG  ]  No samples found: kallisto
[2020-04-13 22:24:52,243] multiqc                                            [DEBUG  ]  No samples found: slamdunk
[2020-04-13 22:24:52,261] multiqc                                            [DEBUG  ]  No samples found: star
[2020-04-13 22:24:52,276] multiqc                                            [DEBUG  ]  No samples found: hisat2
[2020-04-13 22:24:52,294] multiqc                                            [DEBUG  ]  No samples found: tophat
[2020-04-13 22:24:52,310] multiqc                                            [DEBUG  ]  No samples found: bowtie2
[2020-04-13 22:24:52,327] multiqc                                            [DEBUG  ]  No samples found: bowtie1
[2020-04-13 22:24:52,343] multiqc                                            [DEBUG  ]  No samples found: kat
[2020-04-13 22:24:52,364] multiqc                                            [DEBUG  ]  No samples found: leehom
[2020-04-13 22:24:52,382] multiqc                                            [DEBUG  ]  No samples found: adapterRemoval
[2020-04-13 22:24:52,398] multiqc                                            [DEBUG  ]  No samples found: clipandmerge
[2020-04-13 22:24:52,415] multiqc                                            [DEBUG  ]  No samples found: cutadapt
[2020-04-13 22:24:52,431] multiqc                                            [DEBUG  ]  No samples found: flexbar
[2020-04-13 22:24:52,448] multiqc                                            [DEBUG  ]  No samples found: trimmomatic
[2020-04-13 22:24:52,465] multiqc                                            [DEBUG  ]  No samples found: skewer
[2020-04-13 22:24:52,481] multiqc                                            [DEBUG  ]  No samples found: sortmerna
[2020-04-13 22:24:52,497] multiqc                                            [DEBUG  ]  No samples found: biobloomtools
[2020-04-13 22:24:52,514] multiqc                                            [DEBUG  ]  No samples found: fastq_screen
[2020-04-13 22:24:52,531] multiqc                                            [DEBUG  ]  No samples found: afterqc
[2020-04-13 22:24:52,548] multiqc                                            [DEBUG  ]  No samples found: fastp
[2020-04-13 22:24:54,767] multiqc.modules.fastqc.fastqc                      [INFO   ]  Found 48 reports
[2020-04-13 22:24:55,370] multiqc                                            [DEBUG  ]  No samples found: minionqc
[2020-04-13 22:24:55,383] multiqc                                            [DEBUG  ]  No samples found: mosdepth
[2020-04-13 22:24:55,397] multiqc                                            [DEBUG  ]  No samples found: clusterflow
[2020-04-13 22:24:55,411] multiqc                                            [DEBUG  ]  No samples found: bcl2fastq
[2020-04-13 22:24:55,426] multiqc                                            [DEBUG  ]  No samples found: interop
[2020-04-13 22:24:55,440] multiqc                                            [DEBUG  ]  No samples found: flash
[2020-04-13 22:24:55,454] multiqc                                            [DEBUG  ]  No samples found: seqyclean
[2020-04-13 22:24:55,555] multiqc                                            [INFO   ]  Compressing plot data
[2020-04-13 22:24:56,570] multiqc                                            [INFO   ]  Report      : report/multiqc_report.html
[2020-04-13 22:24:56,570] multiqc                                            [INFO   ]  Data        : report/multiqc_data
[2020-04-13 22:24:56,572] multiqc                                            [DEBUG  ]  Moving data file from '/tmp/tmp471wj6u3/multiqc_data/multiqc_qualimap_bamqc_genome_results.txt' to 'report/multiqc_data'
[2020-04-13 22:24:56,578] multiqc                                            [DEBUG  ]  Moving data file from '/tmp/tmp471wj6u3/multiqc_data/multiqc_fastqc.txt' to 'report/multiqc_data'
[2020-04-13 22:24:56,584] multiqc                                            [DEBUG  ]  Moving data file from '/tmp/tmp471wj6u3/multiqc_data/multiqc_general_stats.txt' to 'report/multiqc_data'
[2020-04-13 22:24:56,589] multiqc                                            [DEBUG  ]  Moving data file from '/tmp/tmp471wj6u3/multiqc_data/multiqc_sources.txt' to 'report/multiqc_data'
[2020-04-13 22:24:56,594] multiqc                                            [DEBUG  ]  Moving data file from '/tmp/tmp471wj6u3/multiqc_data/multiqc_data.json' to 'report/multiqc_data'
[2020-04-13 22:24:57,008] multiqc                                            [INFO   ]  MultiQC complete
